  bgiout.cxx
  dibutil.cxx
  drawing.cxx
C:\Users\User\Desktop\bgi\drawing.cxx(819,9): warning C4101: 'tries' :참조되지 않은 지역 변수입니다.
C:\Users\User\Desktop\bgi\drawing.cxx(859,10): warning C4101: 'answer' :참조되지 않은 지역 변수입니다.
C:\Users\User\Desktop\bgi\drawing.cxx(1110,1): warning C4996: 'strcat': This function or variable may be unsafe. Consider using strcat_s instead. To disable deprecation, use _CRT_SECURE_NO_WARNINGS. See online help for details.
C:\Program Files (x86)\Windows Kits\10\Include\10.0.18362.0\ucrt\string.h(90): message : 'strcat' 선언을 참조하십시오.
  file.cxx
  misc.cxx
C:\Users\User\Desktop\bgi\misc.cxx(595,39): warning C4838: 'int'에서 'unsigned short'(으)로의 변환에는 축소 변환이 필요합니다.
C:\Users\User\Desktop\bgi\misc.cxx(595,46): warning C4838: 'int'에서 'unsigned short'(으)로의 변환에는 축소 변환이 필요합니다.
C:\Users\User\Desktop\bgi\misc.cxx(595,53): warning C4838: 'int'에서 'unsigned short'(으)로의 변환에는 축소 변환이 필요합니다.
C:\Users\User\Desktop\bgi\misc.cxx(595,60): warning C4838: 'int'에서 'unsigned short'(으)로의 변환에는 축소 변환이 필요합니다.
C:\Users\User\Desktop\bgi\misc.cxx(595,67): warning C4838: 'int'에서 'unsigned short'(으)로의 변환에는 축소 변환이 필요합니다.
C:\Users\User\Desktop\bgi\misc.cxx(595,74): warning C4838: 'int'에서 'unsigned short'(으)로의 변환에는 축소 변환이 필요합니다.
C:\Users\User\Desktop\bgi\misc.cxx(595,81): warning C4838: 'int'에서 'unsigned short'(으)로의 변환에는 축소 변환이 필요합니다.
C:\Users\User\Desktop\bgi\misc.cxx(595,88): warning C4838: 'int'에서 'unsigned short'(으)로의 변환에는 축소 변환이 필요합니다.
C:\Users\User\Desktop\bgi\misc.cxx(596,39): warning C4838: 'int'에서 'unsigned short'(으)로의 변환에는 축소 변환이 필요합니다.
C:\Users\User\Desktop\bgi\misc.cxx(596,46): warning C4838: 'int'에서 'unsigned short'(으)로의 변환에는 축소 변환이 필요합니다.
C:\Users\User\Desktop\bgi\misc.cxx(596,53): warning C4838: 'int'에서 'unsigned short'(으)로의 변환에는 축소 변환이 필요합니다.
C:\Users\User\Desktop\bgi\misc.cxx(596,60): warning C4838: 'int'에서 'unsigned short'(으)로의 변환에는 축소 변환이 필요합니다.
C:\Users\User\Desktop\bgi\misc.cxx(596,67): warning C4838: 'int'에서 'unsigned short'(으)로의 변환에는 축소 변환이 필요합니다.
C:\Users\User\Desktop\bgi\misc.cxx(596,74): warning C4838: 'int'에서 'unsigned short'(으)로의 변환에는 축소 변환이 필요합니다.
C:\Users\User\Desktop\bgi\misc.cxx(596,81): warning C4838: 'int'에서 'unsigned short'(으)로의 변환에는 축소 변환이 필요합니다.
C:\Users\User\Desktop\bgi\misc.cxx(596,88): warning C4838: 'int'에서 'unsigned short'(으)로의 변환에는 축소 변환이 필요합니다.
C:\Users\User\Desktop\bgi\misc.cxx(597,39): warning C4838: 'int'에서 'unsigned short'(으)로의 변환에는 축소 변환이 필요합니다.
C:\Users\User\Desktop\bgi\misc.cxx(597,46): warning C4838: 'int'에서 'unsigned short'(으)로의 변환에는 축소 변환이 필요합니다.
C:\Users\User\Desktop\bgi\misc.cxx(597,53): warning C4838: 'int'에서 'unsigned short'(으)로의 변환에는 축소 변환이 필요합니다.
C:\Users\User\Desktop\bgi\misc.cxx(597,60): warning C4838: 'int'에서 'unsigned short'(으)로의 변환에는 축소 변환이 필요합니다.
C:\Users\User\Desktop\bgi\misc.cxx(597,67): warning C4838: 'int'에서 'unsigned short'(으)로의 변환에는 축소 변환이 필요합니다.
C:\Users\User\Desktop\bgi\misc.cxx(597,74): warning C4838: 'int'에서 'unsigned short'(으)로의 변환에는 축소 변환이 필요합니다.
C:\Users\User\Desktop\bgi\misc.cxx(597,81): warning C4838: 'int'에서 'unsigned short'(으)로의 변환에는 축소 변환이 필요합니다.
C:\Users\User\Desktop\bgi\misc.cxx(597,88): warning C4838: 'int'에서 'unsigned short'(으)로의 변환에는 축소 변환이 필요합니다.
C:\Users\User\Desktop\bgi\misc.cxx(598,39): warning C4838: 'int'에서 'unsigned short'(으)로의 변환에는 축소 변환이 필요합니다.
C:\Users\User\Desktop\bgi\misc.cxx(598,46): warning C4838: 'int'에서 'unsigned short'(으)로의 변환에는 축소 변환이 필요합니다.
C:\Users\User\Desktop\bgi\misc.cxx(598,53): warning C4838: 'int'에서 'unsigned short'(으)로의 변환에는 축소 변환이 필요합니다.
C:\Users\User\Desktop\bgi\misc.cxx(598,60): warning C4838: 'int'에서 'unsigned short'(으)로의 변환에는 축소 변환이 필요합니다.
C:\Users\User\Desktop\bgi\misc.cxx(598,67): warning C4838: 'int'에서 'unsigned short'(으)로의 변환에는 축소 변환이 필요합니다.
C:\Users\User\Desktop\bgi\misc.cxx(598,74): warning C4838: 'int'에서 'unsigned short'(으)로의 변환에는 축소 변환이 필요합니다.
C:\Users\User\Desktop\bgi\misc.cxx(598,81): warning C4838: 'int'에서 'unsigned short'(으)로의 변환에는 축소 변환이 필요합니다.
C:\Users\User\Desktop\bgi\misc.cxx(598,88): warning C4838: 'int'에서 'unsigned short'(으)로의 변환에는 축소 변환이 필요합니다.
C:\Users\User\Desktop\bgi\misc.cxx(599,39): warning C4838: 'int'에서 'unsigned short'(으)로의 변환에는 축소 변환이 필요합니다.
C:\Users\User\Desktop\bgi\misc.cxx(599,46): warning C4838: 'int'에서 'unsigned short'(으)로의 변환에는 축소 변환이 필요합니다.
C:\Users\User\Desktop\bgi\misc.cxx(599,53): warning C4838: 'int'에서 'unsigned short'(으)로의 변환에는 축소 변환이 필요합니다.
C:\Users\User\Desktop\bgi\misc.cxx(599,60): warning C4838: 'int'에서 'unsigned short'(으)로의 변환에는 축소 변환이 필요합니다.
C:\Users\User\Desktop\bgi\misc.cxx(599,67): warning C4838: 'int'에서 'unsigned short'(으)로의 변환에는 축소 변환이 필요합니다.
C:\Users\User\Desktop\bgi\misc.cxx(599,74): warning C4838: 'int'에서 'unsigned short'(으)로의 변환에는 축소 변환이 필요합니다.
C:\Users\User\Desktop\bgi\misc.cxx(599,81): warning C4838: 'int'에서 'unsigned short'(으)로의 변환에는 축소 변환이 필요합니다.
C:\Users\User\Desktop\bgi\misc.cxx(599,88): warning C4838: 'int'에서 'unsigned short'(으)로의 변환에는 축소 변환이 필요합니다.
  mouse.cxx
  Mytest.cpp
  palette.cxx
  main.cxx
C:\Users\User\Desktop\bgi\main.cxx(189,33): warning C4244: '인수': 'double'에서 'int'(으)로 변환하면서 데이터가 손실될 수 있습니다.
C:\Users\User\Desktop\bgi\main.cxx(189,9): warning C4244: '인수': 'double'에서 'int'(으)로 변환하면서 데이터가 손실될 수 있습니다.
C:\Users\User\Desktop\bgi\main.cxx(192,33): warning C4244: '인수': 'double'에서 'int'(으)로 변환하면서 데이터가 손실될 수 있습니다.
C:\Users\User\Desktop\bgi\main.cxx(192,9): warning C4244: '인수': 'double'에서 'int'(으)로 변환하면서 데이터가 손실될 수 있습니다.
C:\Users\User\Desktop\bgi\main.cxx(195,42): warning C4244: '인수': 'double'에서 'int'(으)로 변환하면서 데이터가 손실될 수 있습니다.
C:\Users\User\Desktop\bgi\main.cxx(194,56): warning C4244: '인수': 'double'에서 'int'(으)로 변환하면서 데이터가 손실될 수 있습니다.
C:\Users\User\Desktop\bgi\main.cxx(194,38): warning C4244: '인수': 'double'에서 'int'(으)로 변환하면서 데이터가 손실될 수 있습니다.
C:\Users\User\Desktop\bgi\main.cxx(194,20): warning C4244: '인수': 'double'에서 'int'(으)로 변환하면서 데이터가 손실될 수 있습니다.
C:\Users\User\Desktop\bgi\main.cxx(333,27): warning C4805: '==': 연산에 'int' 형식과 'bool' 형식을 함께 사용하는 것은 안전하지 않습니다.
C:\Users\User\Desktop\bgi\main.cxx(367,21): warning C4244: '=': 'double'에서 'int'(으)로 변환하면서 데이터가 손실될 수 있습니다.
C:\Users\User\Desktop\bgi\main.cxx(388,17): warning C4244: '=': 'double'에서 'float'(으)로 변환하면서 데이터가 손실될 수 있습니다.
C:\Users\User\Desktop\bgi\main.cxx(397,21): warning C4244: '=': 'float'에서 'int'(으)로 변환하면서 데이터가 손실될 수 있습니다.
  text.cxx
C:\Users\User\Desktop\bgi\text.cxx(348,19): warning C4018: '<': signed 또는 unsigned가 일치하지 않습니다.
  winbgi.cxx
C:\Users\User\Desktop\bgi\winbgi.cxx(134,14): warning C4101: 'actual_color' :참조되지 않은 지역 변수입니다.
C:\Users\User\Desktop\bgi\winbgi.cxx(133,9): warning C4101: 'bgi_color' :참조되지 않은 지역 변수입니다.
C:\Users\User\Desktop\bgi\winbgi.cxx(494,1): warning C4996: 'sprintf': This function or variable may be unsafe. Consider using sprintf_s instead. To disable deprecation, use _CRT_SECURE_NO_WARNINGS. See online help for details.
C:\Program Files (x86)\Windows Kits\10\Include\10.0.18362.0\ucrt\stdio.h(1774): message : 'sprintf' 선언을 참조하십시오.
  winthread.cxx
C:\Users\User\Desktop\bgi\winthread.cxx(320,9): warning C4101: 'i' :참조되지 않은 지역 변수입니다.
  코드를 생성하고 있습니다...
LINK : warning LNK4031: 하위 시스템이 지정되지 않았습니다. CONSOLE이 선택됩니다.
  bgi.vcxproj -> C:\Users\User\Desktop\bgi\Debug\bgi.exe
